0 info it worked if it ends with ok
1 verbose cli [ '/usr/local/bin/node',
1 verbose cli   '/usr/local/bin/npm',
1 verbose cli   'install',
1 verbose cli   'grunt-init',
1 verbose cli   '--save-dev' ]
2 info using npm@2.11.3
3 info using node@v0.12.7
4 verbose install initial load of /Users/alejandrogallo/Documents/compilationes/programs/javascript/matrixplot/project/package.json
5 warn package.json ng-matrixplot@0.0.1 No repository field.
6 verbose readDependencies loading dependencies from /Users/alejandrogallo/Documents/compilationes/programs/javascript/matrixplot/project/package.json
7 silly cache add args [ 'grunt-init', null ]
8 verbose cache add spec grunt-init
9 silly cache add parsed spec { raw: 'grunt-init',
9 silly cache add   scope: null,
9 silly cache add   name: 'grunt-init',
9 silly cache add   rawSpec: '',
9 silly cache add   spec: '*',
9 silly cache add   type: 'range' }
10 silly addNamed grunt-init@*
11 verbose addNamed "*" is a valid semver range for grunt-init
12 silly addNameRange { name: 'grunt-init', range: '*', hasData: false }
13 silly mapToRegistry name grunt-init
14 silly mapToRegistry using default registry
15 silly mapToRegistry registry https://registry.npmjs.org/
16 silly mapToRegistry uri https://registry.npmjs.org/grunt-init
17 verbose addNameRange registry:https://registry.npmjs.org/grunt-init not in flight; fetching
18 verbose request uri https://registry.npmjs.org/grunt-init
19 verbose request no auth needed
20 info attempt registry request try #1 at 11:48:58 PM
21 verbose request id 72ad0257afb4f525
22 http request GET https://registry.npmjs.org/grunt-init
23 http 200 https://registry.npmjs.org/grunt-init
24 silly get cb [ 200,
24 silly get   { server: 'CouchDB/1.5.0 (Erlang OTP/R16B03)',
24 silly get     etag: '"1FMQGT720LG05KTDU5RTZJAR"',
24 silly get     'content-type': 'application/json',
24 silly get     'cache-control': 'max-age=60',
24 silly get     'content-length': '20680',
24 silly get     'accept-ranges': 'bytes',
24 silly get     date: 'Mon, 28 Sep 2015 21:48:56 GMT',
24 silly get     via: '1.1 varnish',
24 silly get     age: '0',
24 silly get     connection: 'keep-alive',
24 silly get     'x-served-by': 'cache-ams4140-AMS',
24 silly get     'x-cache': 'HIT',
24 silly get     'x-cache-hits': '1',
24 silly get     'x-timer': 'S1443476935.772187,VS0,VE679',
24 silly get     vary: 'Accept' } ]
25 verbose get saving grunt-init to /Users/alejandrogallo/.npm/registry.npmjs.org/grunt-init/.cache.json
26 silly addNameRange number 2 { name: 'grunt-init', range: '*', hasData: true }
27 silly addNameRange versions [ 'grunt-init',
27 silly addNameRange   [ '0.1.0',
27 silly addNameRange     '0.2.0',
27 silly addNameRange     '0.2.1',
27 silly addNameRange     '0.3.0',
27 silly addNameRange     '0.2.0-rc1',
27 silly addNameRange     '0.2.0-rc2',
27 silly addNameRange     '0.2.0-rc3',
27 silly addNameRange     '0.2.0-rc4',
27 silly addNameRange     '0.2.0-rc5',
27 silly addNameRange     '0.2.0-rc6',
27 silly addNameRange     '0.2.0-rc7',
27 silly addNameRange     '0.2.0-rc8',
27 silly addNameRange     '0.3.1',
27 silly addNameRange     '0.3.2' ] ]
28 silly addNamed grunt-init@0.3.2
29 verbose addNamed "0.3.2" is a plain semver version for grunt-init
30 silly mapToRegistry name grunt-init
31 silly mapToRegistry using default registry
32 silly mapToRegistry registry https://registry.npmjs.org/
33 silly mapToRegistry uri https://registry.npmjs.org/grunt-init
34 verbose addRemoteTarball https://registry.npmjs.org/grunt-init/-/grunt-init-0.3.2.tgz not in flight; adding
35 verbose addRemoteTarball [ 'https://registry.npmjs.org/grunt-init/-/grunt-init-0.3.2.tgz',
35 verbose addRemoteTarball   '0062d318401cfc703db394aa9f8b9e7770809984' ]
36 info retry fetch attempt 1 at 11:48:59 PM
37 info attempt registry request try #1 at 11:48:59 PM
38 http fetch GET https://registry.npmjs.org/grunt-init/-/grunt-init-0.3.2.tgz
39 http fetch 200 https://registry.npmjs.org/grunt-init/-/grunt-init-0.3.2.tgz
40 silly fetchAndShaCheck shasum 0062d318401cfc703db394aa9f8b9e7770809984
41 verbose addTmpTarball /var/folders/ly/qczt94s50cs707h26z9_4bg80000gn/T/npm-14815-abd979d8/registry.npmjs.org/grunt-init/-/grunt-init-0.3.2.tgz not in flight; adding
42 verbose addTmpTarball already have metadata; skipping unpack for grunt-init@0.3.2
43 silly cache afterAdd grunt-init@0.3.2
44 verbose afterAdd /Users/alejandrogallo/.npm/grunt-init/0.3.2/package/package.json not in flight; writing
45 verbose afterAdd /Users/alejandrogallo/.npm/grunt-init/0.3.2/package/package.json written
46 silly install resolved [ { name: 'grunt-init',
46 silly install resolved     description: 'Generate project scaffolding from a template.',
46 silly install resolved     version: '0.3.2',
46 silly install resolved     homepage: 'https://github.com/gruntjs/grunt-init',
46 silly install resolved     author: { name: 'Grunt Team', url: 'http://gruntjs.com/' },
46 silly install resolved     repository: { type: 'git', url: 'git://github.com/gruntjs/grunt-init.git' },
46 silly install resolved     bugs: { url: 'https://github.com/gruntjs/grunt-init/issues' },
46 silly install resolved     licenses: [ [Object] ],
46 silly install resolved     preferGlobal: true,
46 silly install resolved     bin: { 'grunt-init': 'bin/grunt-init' },
46 silly install resolved     engines: { node: '>= 0.8.0' },
46 silly install resolved     scripts: { test: 'grunt test' },
46 silly install resolved     dependencies:
46 silly install resolved      { prompt: '~0.1.12',
46 silly install resolved        semver: '~1.0.14',
46 silly install resolved        hooker: '~0.2.3',
46 silly install resolved        colors: '~0.6.0-1',
46 silly install resolved        grunt: '~0.4.0',
46 silly install resolved        lodash: '~2.4.1',
46 silly install resolved        async: '~0.2.10' },
46 silly install resolved     devDependencies:
46 silly install resolved      { 'grunt-contrib-jshint': '~0.8.0',
46 silly install resolved        'grunt-contrib-nodeunit': '~0.3.0' },
46 silly install resolved     keywords: [ 'grunt', 'template', 'scaffold', 'generate', 'project' ],
46 silly install resolved     contributors: [ [Object] ],
46 silly install resolved     _id: 'grunt-init@0.3.2',
46 silly install resolved     dist:
46 silly install resolved      { shasum: '0062d318401cfc703db394aa9f8b9e7770809984',
46 silly install resolved        tarball: 'http://registry.npmjs.org/grunt-init/-/grunt-init-0.3.2.tgz' },
46 silly install resolved     _from: 'grunt-init@*',
46 silly install resolved     _npmVersion: '1.4.3',
46 silly install resolved     _npmUser: { name: 'vladikoff', email: 'vlad@vladikoff.com' },
46 silly install resolved     maintainers: [ [Object], [Object], [Object], [Object] ],
46 silly install resolved     directories: {},
46 silly install resolved     _shasum: '0062d318401cfc703db394aa9f8b9e7770809984',
46 silly install resolved     _resolved: 'https://registry.npmjs.org/grunt-init/-/grunt-init-0.3.2.tgz' } ]
47 info install grunt-init@0.3.2 into /Users/alejandrogallo/Documents/compilationes/programs/javascript/matrixplot/project
48 info installOne grunt-init@0.3.2
49 verbose installOne of grunt-init to /Users/alejandrogallo/Documents/compilationes/programs/javascript/matrixplot/project not in flight; installing
50 warn locking Error: EACCES, open '/Users/alejandrogallo/.npm/_locks/grunt-init-14cd929d169d1fe7.lock'
50 warn locking     at Error (native)
50 warn locking  /Users/alejandrogallo/.npm/_locks/grunt-init-14cd929d169d1fe7.lock failed { [Error: EACCES, open '/Users/alejandrogallo/.npm/_locks/grunt-init-14cd929d169d1fe7.lock']
50 warn locking   errno: -13,
50 warn locking   code: 'EACCES',
50 warn locking   path: '/Users/alejandrogallo/.npm/_locks/grunt-init-14cd929d169d1fe7.lock' }
51 verbose stack Error: Attempt to unlock /Users/alejandrogallo/Documents/compilationes/programs/javascript/matrixplot/project/node_modules/grunt-init, which hasn't been locked
51 verbose stack     at unlock (/usr/local/lib/node_modules/npm/lib/utils/locker.js:66:11)
51 verbose stack     at cb (/usr/local/lib/node_modules/npm/lib/install.js:1017:5)
51 verbose stack     at /usr/local/lib/node_modules/npm/lib/install.js:1021:20
51 verbose stack     at /usr/local/lib/node_modules/npm/lib/utils/locker.js:40:9
51 verbose stack     at cb (/usr/local/lib/node_modules/npm/node_modules/lockfile/lockfile.js:149:38)
51 verbose stack     at /usr/local/lib/node_modules/npm/node_modules/lockfile/lockfile.js:177:38
51 verbose stack     at FSReqWrap.oncomplete (fs.js:95:15)
52 verbose cwd /Users/alejandrogallo/Documents/compilationes/programs/javascript/matrixplot/project
53 error Darwin 14.3.0
54 error argv "/usr/local/bin/node" "/usr/local/bin/npm" "install" "grunt-init" "--save-dev"
55 error node v0.12.7
56 error npm  v2.11.3
57 error Attempt to unlock /Users/alejandrogallo/Documents/compilationes/programs/javascript/matrixplot/project/node_modules/grunt-init, which hasn't been locked
58 error If you need help, you may report this error at:
58 error     <https://github.com/npm/npm/issues>
59 verbose exit [ 1, true ]
